-------------------------------------------------------------------------------
Test set: models.EndangeredAnimalsTest
-------------------------------------------------------------------------------
Tests run: 11, Failures: 0, Errors: 7, Skipped: 0, Time elapsed: 0.277 sec <<< FAILURE! - in models.EndangeredAnimalsTest
update_updatesAnimalDetails(models.EndangeredAnimalsTest)  Time elapsed: 0.026 sec  <<< ERROR!
org.sql2o.Sql2oException: 
Error in executeUpdate, ERROR: column "rangerid" of relation "animals" does not exist
  Position: 27
	at models.EndangeredAnimalsTest.update_updatesAnimalDetails(EndangeredAnimalsTest.java:74)
Caused by: org.postgresql.util.PSQLException: 
ERROR: column "rangerid" of relation "animals" does not exist
  Position: 27
	at models.EndangeredAnimalsTest.update_updatesAnimalDetails(EndangeredAnimalsTest.java:74)

removeById_removesAnimalById(models.EndangeredAnimalsTest)  Time elapsed: 0.016 sec  <<< ERROR!
org.sql2o.Sql2oException: 
Error in executeUpdate, ERROR: column "rangerid" of relation "animals" does not exist
  Position: 27
	at models.EndangeredAnimalsTest.removeById_removesAnimalById(EndangeredAnimalsTest.java:88)
Caused by: org.postgresql.util.PSQLException: 
ERROR: column "rangerid" of relation "animals" does not exist
  Position: 27
	at models.EndangeredAnimalsTest.removeById_removesAnimalById(EndangeredAnimalsTest.java:88)

removeAll_clearsAnimalDatabase(models.EndangeredAnimalsTest)  Time elapsed: 0.025 sec  <<< ERROR!
org.sql2o.Sql2oException: 
Error in executeUpdate, ERROR: column "rangerid" of relation "animals" does not exist
  Position: 27
	at models.EndangeredAnimalsTest.removeAll_clearsAnimalDatabase(EndangeredAnimalsTest.java:97)
Caused by: org.postgresql.util.PSQLException: 
ERROR: column "rangerid" of relation "animals" does not exist
  Position: 27
	at models.EndangeredAnimalsTest.removeAll_clearsAnimalDatabase(EndangeredAnimalsTest.java:97)

save_savesAnimalToTheDatabase(models.EndangeredAnimalsTest)  Time elapsed: 0.072 sec  <<< ERROR!
org.sql2o.Sql2oException: 
Error in executeUpdate, ERROR: column "rangerid" of relation "animals" does not exist
  Position: 27
	at models.EndangeredAnimalsTest.save_savesAnimalToTheDatabase(EndangeredAnimalsTest.java:40)
Caused by: org.postgresql.util.PSQLException: 
ERROR: column "rangerid" of relation "animals" does not exist
  Position: 27
	at models.EndangeredAnimalsTest.save_savesAnimalToTheDatabase(EndangeredAnimalsTest.java:40)

getAll_returnsAllInstancesOfAnimal(models.EndangeredAnimalsTest)  Time elapsed: 0.047 sec  <<< ERROR!
org.sql2o.Sql2oException: 
Error in executeUpdate, ERROR: column "rangerid" of relation "animals" does not exist
  Position: 27
	at models.EndangeredAnimalsTest.getAll_returnsAllInstancesOfAnimal(EndangeredAnimalsTest.java:55)
Caused by: org.postgresql.util.PSQLException: 
ERROR: column "rangerid" of relation "animals" does not exist
  Position: 27
	at models.EndangeredAnimalsTest.getAll_returnsAllInstancesOfAnimal(EndangeredAnimalsTest.java:55)

save_assignsIdToAnimal(models.EndangeredAnimalsTest)  Time elapsed: 0.064 sec  <<< ERROR!
org.sql2o.Sql2oException: 
Error in executeUpdate, ERROR: column "rangerid" of relation "animals" does not exist
  Position: 27
	at models.EndangeredAnimalsTest.save_assignsIdToAnimal(EndangeredAnimalsTest.java:47)
Caused by: org.postgresql.util.PSQLException: 
ERROR: column "rangerid" of relation "animals" does not exist
  Position: 27
	at models.EndangeredAnimalsTest.save_assignsIdToAnimal(EndangeredAnimalsTest.java:47)

find_returnsAnimalWithSameId_secondAnimal(models.EndangeredAnimalsTest)  Time elapsed: 0.02 sec  <<< ERROR!
org.sql2o.Sql2oException: 
Error in executeUpdate, ERROR: column "rangerid" of relation "animals" does not exist
  Position: 27
	at models.EndangeredAnimalsTest.find_returnsAnimalWithSameId_secondAnimal(EndangeredAnimalsTest.java:65)
Caused by: org.postgresql.util.PSQLException: 
ERROR: column "rangerid" of relation "animals" does not exist
  Position: 27
	at models.EndangeredAnimalsTest.find_returnsAnimalWithSameId_secondAnimal(EndangeredAnimalsTest.java:65)

