<?xml version="1.0" encoding="UTF-8"?>
<testsuite xmlns:xsi="http://www.w3.org/2001/XMLSchema-instance" xsi:schemaLocation="https://maven.apache.org/surefire/maven-surefire-plugin/xsd/surefire-test-report.xsd" name="models.SightingsTest" time="0.528" tests="12" errors="0" skipped="0" failures="0">
  <properties>
[...]
</properties>
  <testcase name="save_assignsIdToSight" classname="models.SightingsTest" time="0.253"/>
  <testcase name="findById_returnsAllSightsWithSameId_SecondSight" classname="models.SightingsTest" time="0.042"/>
  <testcase name="sighting_instantiatesWithAnimalId_int" classname="models.SightingsTest" time="0.006"/>
  <testcase name="sightingsInstantiatesCorrectly_true" classname="models.SightingsTest" time="0.017"/>
  <testcase name="removeAll_clearsSightingsDatabase" classname="models.SightingsTest" time="0.022"/>
  <testcase name="sighting_instantiatesWithLocation_string" classname="models.SightingsTest" time="0.006"/>
  <testcase name="getAll_returnsAllInstancesOfSight" classname="models.SightingsTest" time="0.028"/>
  <testcase name="equals_returnsTrueIfSightDetailsAreEqual_true" classname="models.SightingsTest" time="0.005"/>
  <testcase name="update_updatesSightDetails" classname="models.SightingsTest" time="0.021"/>
  <testcase name="save_savesSightToTheDatabase" classname="models.SightingsTest" time="0.021"/>
  <testcase name="removeById_removesSightById" classname="models.SightingsTest" time="0.023"/>
  <testcase name="sighting_instantiatesWithRangerName_String" classname="models.SightingsTest" time="0.005"/>
</testsuite>