<?xml version="1.0" encoding="UTF-8"?>
<testsuite xmlns:xsi="http://www.w3.org/2001/XMLSchema-instance" xsi:schemaLocation="https://maven.apache.org/surefire/maven-surefire-plugin/xsd/surefire-test-report.xsd" name="models.EndangeredAnimalsTest" time="0.277" tests="11" errors="7" skipped="0" failures="0">
  <properties>
[...]
</properties>
  <testcase name="update_updatesAnimalDetails" classname="models.EndangeredAnimalsTest" time="0.026">
    <error message="Error in executeUpdate, ERROR: column &quot;rangerid&quot; of relation &quot;animals&quot; does not exist&#10;  Position: 27" type="org.sql2o.Sql2oException">org.sql2o.Sql2oException: 
Error in executeUpdate, ERROR: column "rangerid" of relation "animals" does not exist
  Position: 27
	at models.EndangeredAnimalsTest.update_updatesAnimalDetails(EndangeredAnimalsTest.java:74)
Caused by: org.postgresql.util.PSQLException: 
ERROR: column "rangerid" of relation "animals" does not exist
  Position: 27
	at models.EndangeredAnimalsTest.update_updatesAnimalDetails(EndangeredAnimalsTest.java:74)
</error>
    <system-err><![CDATA[[main] WARN org.sql2o.Connection - Could not roll back transaction. message: {}
org.postgresql.util.PSQLException: Cannot rollback when autoCommit is enabled.
	at org.postgresql.jdbc.PgConnection.rollback(PgConnection.java:796)
	at org.sql2o.Connection.rollback(Connection.java:115)
	at org.sql2o.Connection.onException(Connection.java:56)
	at org.sql2o.Query.executeUpdate(Query.java:526)
	at models.EndangeredAnimals.save(EndangeredAnimals.java:26)
	at models.EndangeredAnimalsTest.update_updatesAnimalDetails(EndangeredAnimalsTest.java:74)
	at java.base/jdk.internal.reflect.NativeMethodAccessorImpl.invoke0(Native Method)
	at java.base/jdk.internal.reflect.NativeMethodAccessorImpl.invoke(NativeMethodAccessorImpl.java:62)
	at java.base/jdk.internal.reflect.DelegatingMethodAccessorImpl.invoke(DelegatingMethodAccessorImpl.java:43)
	at java.base/java.lang.reflect.Method.invoke(Method.java:566)
	at org.junit.runners.model.FrameworkMethod$1.runReflectiveCall(FrameworkMethod.java:50)
	at org.junit.internal.runners.model.ReflectiveCallable.run(ReflectiveCallable.java:12)
	at org.junit.runners.model.FrameworkMethod.invokeExplosively(FrameworkMethod.java:47)
	at org.junit.internal.runners.statements.InvokeMethod.evaluate(InvokeMethod.java:17)
	at org.junit.rules.ExternalResource$1.evaluate(ExternalResource.java:48)
	at org.junit.rules.RunRules.evaluate(RunRules.java:20)
	at org.junit.runners.ParentRunner.runLeaf(ParentRunner.java:325)
	at org.junit.runners.BlockJUnit4ClassRunner.runChild(BlockJUnit4ClassRunner.java:78)
	at org.junit.runners.BlockJUnit4ClassRunner.runChild(BlockJUnit4ClassRunner.java:57)
	at org.junit.runners.ParentRunner$3.run(ParentRunner.java:290)
	at org.junit.runners.ParentRunner$1.schedule(ParentRunner.java:71)
	at org.junit.runners.ParentRunner.runChildren(ParentRunner.java:288)
	at org.junit.runners.ParentRunner.access$000(ParentRunner.java:58)
	at org.junit.runners.ParentRunner$2.evaluate(ParentRunner.java:268)
	at org.junit.runners.ParentRunner.run(ParentRunner.java:363)
	at org.apache.maven.surefire.junit4.JUnit4Provider.execute(JUnit4Provider.java:367)
	at org.apache.maven.surefire.junit4.JUnit4Provider.executeWithRerun(JUnit4Provider.java:274)
	at org.apache.maven.surefire.junit4.JUnit4Provider.executeTestSet(JUnit4Provider.java:238)
	at org.apache.maven.surefire.junit4.JUnit4Provider.invoke(JUnit4Provider.java:161)
	at org.apache.maven.surefire.booter.ForkedBooter.invokeProviderInSameClassLoader(ForkedBooter.java:290)
	at org.apache.maven.surefire.booter.ForkedBooter.runSuitesInProcess(ForkedBooter.java:242)
	at org.apache.maven.surefire.booter.ForkedBooter.main(ForkedBooter.java:121)
]]></system-err>
  </testcase>
  <testcase name="endangered_instantiatesCorrectly_true" classname="models.EndangeredAnimalsTest" time="0.007"/>
  <testcase name="removeById_removesAnimalById" classname="models.EndangeredAnimalsTest" time="0.016">
    <error message="Error in executeUpdate, ERROR: column &quot;rangerid&quot; of relation &quot;animals&quot; does not exist&#10;  Position: 27" type="org.sql2o.Sql2oException">org.sql2o.Sql2oException: 
Error in executeUpdate, ERROR: column "rangerid" of relation "animals" does not exist
  Position: 27
	at models.EndangeredAnimalsTest.removeById_removesAnimalById(EndangeredAnimalsTest.java:88)
Caused by: org.postgresql.util.PSQLException: 
ERROR: column "rangerid" of relation "animals" does not exist
  Position: 27
	at models.EndangeredAnimalsTest.removeById_removesAnimalById(EndangeredAnimalsTest.java:88)
</error>
    <system-err><![CDATA[[main] WARN org.sql2o.Connection - Could not roll back transaction. message: {}
org.postgresql.util.PSQLException: Cannot rollback when autoCommit is enabled.
	at org.postgresql.jdbc.PgConnection.rollback(PgConnection.java:796)
	at org.sql2o.Connection.rollback(Connection.java:115)
	at org.sql2o.Connection.onException(Connection.java:56)
	at org.sql2o.Query.executeUpdate(Query.java:526)
	at models.EndangeredAnimals.save(EndangeredAnimals.java:26)
	at models.EndangeredAnimalsTest.removeById_removesAnimalById(EndangeredAnimalsTest.java:88)
	at java.base/jdk.internal.reflect.NativeMethodAccessorImpl.invoke0(Native Method)
	at java.base/jdk.internal.reflect.NativeMethodAccessorImpl.invoke(NativeMethodAccessorImpl.java:62)
	at java.base/jdk.internal.reflect.DelegatingMethodAccessorImpl.invoke(DelegatingMethodAccessorImpl.java:43)
	at java.base/java.lang.reflect.Method.invoke(Method.java:566)
	at org.junit.runners.model.FrameworkMethod$1.runReflectiveCall(FrameworkMethod.java:50)
	at org.junit.internal.runners.model.ReflectiveCallable.run(ReflectiveCallable.java:12)
	at org.junit.runners.model.FrameworkMethod.invokeExplosively(FrameworkMethod.java:47)
	at org.junit.internal.runners.statements.InvokeMethod.evaluate(InvokeMethod.java:17)
	at org.junit.rules.ExternalResource$1.evaluate(ExternalResource.java:48)
	at org.junit.rules.RunRules.evaluate(RunRules.java:20)
	at org.junit.runners.ParentRunner.runLeaf(ParentRunner.java:325)
	at org.junit.runners.BlockJUnit4ClassRunner.runChild(BlockJUnit4ClassRunner.java:78)
	at org.junit.runners.BlockJUnit4ClassRunner.runChild(BlockJUnit4ClassRunner.java:57)
	at org.junit.runners.ParentRunner$3.run(ParentRunner.java:290)
	at org.junit.runners.ParentRunner$1.schedule(ParentRunner.java:71)
	at org.junit.runners.ParentRunner.runChildren(ParentRunner.java:288)
	at org.junit.runners.ParentRunner.access$000(ParentRunner.java:58)
	at org.junit.runners.ParentRunner$2.evaluate(ParentRunner.java:268)
	at org.junit.runners.ParentRunner.run(ParentRunner.java:363)
	at org.apache.maven.surefire.junit4.JUnit4Provider.execute(JUnit4Provider.java:367)
	at org.apache.maven.surefire.junit4.JUnit4Provider.executeWithRerun(JUnit4Provider.java:274)
	at org.apache.maven.surefire.junit4.JUnit4Provider.executeTestSet(JUnit4Provider.java:238)
	at org.apache.maven.surefire.junit4.JUnit4Provider.invoke(JUnit4Provider.java:161)
	at org.apache.maven.surefire.booter.ForkedBooter.invokeProviderInSameClassLoader(ForkedBooter.java:290)
	at org.apache.maven.surefire.booter.ForkedBooter.runSuitesInProcess(ForkedBooter.java:242)
	at org.apache.maven.surefire.booter.ForkedBooter.main(ForkedBooter.java:121)
]]></system-err>
  </testcase>
  <testcase name="removeAll_clearsAnimalDatabase" classname="models.EndangeredAnimalsTest" time="0.025">
    <error message="Error in executeUpdate, ERROR: column &quot;rangerid&quot; of relation &quot;animals&quot; does not exist&#10;  Position: 27" type="org.sql2o.Sql2oException">org.sql2o.Sql2oException: 
Error in executeUpdate, ERROR: column "rangerid" of relation "animals" does not exist
  Position: 27
	at models.EndangeredAnimalsTest.removeAll_clearsAnimalDatabase(EndangeredAnimalsTest.java:97)
Caused by: org.postgresql.util.PSQLException: 
ERROR: column "rangerid" of relation "animals" does not exist
  Position: 27
	at models.EndangeredAnimalsTest.removeAll_clearsAnimalDatabase(EndangeredAnimalsTest.java:97)
</error>
    <system-err><![CDATA[[main] WARN org.sql2o.Connection - Could not roll back transaction. message: {}
org.postgresql.util.PSQLException: Cannot rollback when autoCommit is enabled.
	at org.postgresql.jdbc.PgConnection.rollback(PgConnection.java:796)
	at org.sql2o.Connection.rollback(Connection.java:115)
	at org.sql2o.Connection.onException(Connection.java:56)
	at org.sql2o.Query.executeUpdate(Query.java:526)
	at models.EndangeredAnimals.save(EndangeredAnimals.java:26)
	at models.EndangeredAnimalsTest.removeAll_clearsAnimalDatabase(EndangeredAnimalsTest.java:97)
	at java.base/jdk.internal.reflect.NativeMethodAccessorImpl.invoke0(Native Method)
	at java.base/jdk.internal.reflect.NativeMethodAccessorImpl.invoke(NativeMethodAccessorImpl.java:62)
	at java.base/jdk.internal.reflect.DelegatingMethodAccessorImpl.invoke(DelegatingMethodAccessorImpl.java:43)
	at java.base/java.lang.reflect.Method.invoke(Method.java:566)
	at org.junit.runners.model.FrameworkMethod$1.runReflectiveCall(FrameworkMethod.java:50)
	at org.junit.internal.runners.model.ReflectiveCallable.run(ReflectiveCallable.java:12)
	at org.junit.runners.model.FrameworkMethod.invokeExplosively(FrameworkMethod.java:47)
	at org.junit.internal.runners.statements.InvokeMethod.evaluate(InvokeMethod.java:17)
	at org.junit.rules.ExternalResource$1.evaluate(ExternalResource.java:48)
	at org.junit.rules.RunRules.evaluate(RunRules.java:20)
	at org.junit.runners.ParentRunner.runLeaf(ParentRunner.java:325)
	at org.junit.runners.BlockJUnit4ClassRunner.runChild(BlockJUnit4ClassRunner.java:78)
	at org.junit.runners.BlockJUnit4ClassRunner.runChild(BlockJUnit4ClassRunner.java:57)
	at org.junit.runners.ParentRunner$3.run(ParentRunner.java:290)
	at org.junit.runners.ParentRunner$1.schedule(ParentRunner.java:71)
	at org.junit.runners.ParentRunner.runChildren(ParentRunner.java:288)
	at org.junit.runners.ParentRunner.access$000(ParentRunner.java:58)
	at org.junit.runners.ParentRunner$2.evaluate(ParentRunner.java:268)
	at org.junit.runners.ParentRunner.run(ParentRunner.java:363)
	at org.apache.maven.surefire.junit4.JUnit4Provider.execute(JUnit4Provider.java:367)
	at org.apache.maven.surefire.junit4.JUnit4Provider.executeWithRerun(JUnit4Provider.java:274)
	at org.apache.maven.surefire.junit4.JUnit4Provider.executeTestSet(JUnit4Provider.java:238)
	at org.apache.maven.surefire.junit4.JUnit4Provider.invoke(JUnit4Provider.java:161)
	at org.apache.maven.surefire.booter.ForkedBooter.invokeProviderInSameClassLoader(ForkedBooter.java:290)
	at org.apache.maven.surefire.booter.ForkedBooter.runSuitesInProcess(ForkedBooter.java:242)
	at org.apache.maven.surefire.booter.ForkedBooter.main(ForkedBooter.java:121)
]]></system-err>
  </testcase>
  <testcase name="save_savesAnimalToTheDatabase" classname="models.EndangeredAnimalsTest" time="0.072">
    <error message="Error in executeUpdate, ERROR: column &quot;rangerid&quot; of relation &quot;animals&quot; does not exist&#10;  Position: 27" type="org.sql2o.Sql2oException">org.sql2o.Sql2oException: 
Error in executeUpdate, ERROR: column "rangerid" of relation "animals" does not exist
  Position: 27
	at models.EndangeredAnimalsTest.save_savesAnimalToTheDatabase(EndangeredAnimalsTest.java:40)
Caused by: org.postgresql.util.PSQLException: 
ERROR: column "rangerid" of relation "animals" does not exist
  Position: 27
	at models.EndangeredAnimalsTest.save_savesAnimalToTheDatabase(EndangeredAnimalsTest.java:40)
</error>
    <system-err><![CDATA[[main] WARN org.sql2o.Connection - Could not roll back transaction. message: {}
org.postgresql.util.PSQLException: Cannot rollback when autoCommit is enabled.
	at org.postgresql.jdbc.PgConnection.rollback(PgConnection.java:796)
	at org.sql2o.Connection.rollback(Connection.java:115)
	at org.sql2o.Connection.onException(Connection.java:56)
	at org.sql2o.Query.executeUpdate(Query.java:526)
	at models.EndangeredAnimals.save(EndangeredAnimals.java:26)
	at models.EndangeredAnimalsTest.save_savesAnimalToTheDatabase(EndangeredAnimalsTest.java:40)
	at java.base/jdk.internal.reflect.NativeMethodAccessorImpl.invoke0(Native Method)
	at java.base/jdk.internal.reflect.NativeMethodAccessorImpl.invoke(NativeMethodAccessorImpl.java:62)
	at java.base/jdk.internal.reflect.DelegatingMethodAccessorImpl.invoke(DelegatingMethodAccessorImpl.java:43)
	at java.base/java.lang.reflect.Method.invoke(Method.java:566)
	at org.junit.runners.model.FrameworkMethod$1.runReflectiveCall(FrameworkMethod.java:50)
	at org.junit.internal.runners.model.ReflectiveCallable.run(ReflectiveCallable.java:12)
	at org.junit.runners.model.FrameworkMethod.invokeExplosively(FrameworkMethod.java:47)
	at org.junit.internal.runners.statements.InvokeMethod.evaluate(InvokeMethod.java:17)
	at org.junit.rules.ExternalResource$1.evaluate(ExternalResource.java:48)
	at org.junit.rules.RunRules.evaluate(RunRules.java:20)
	at org.junit.runners.ParentRunner.runLeaf(ParentRunner.java:325)
	at org.junit.runners.BlockJUnit4ClassRunner.runChild(BlockJUnit4ClassRunner.java:78)
	at org.junit.runners.BlockJUnit4ClassRunner.runChild(BlockJUnit4ClassRunner.java:57)
	at org.junit.runners.ParentRunner$3.run(ParentRunner.java:290)
	at org.junit.runners.ParentRunner$1.schedule(ParentRunner.java:71)
	at org.junit.runners.ParentRunner.runChildren(ParentRunner.java:288)
	at org.junit.runners.ParentRunner.access$000(ParentRunner.java:58)
	at org.junit.runners.ParentRunner$2.evaluate(ParentRunner.java:268)
	at org.junit.runners.ParentRunner.run(ParentRunner.java:363)
	at org.apache.maven.surefire.junit4.JUnit4Provider.execute(JUnit4Provider.java:367)
	at org.apache.maven.surefire.junit4.JUnit4Provider.executeWithRerun(JUnit4Provider.java:274)
	at org.apache.maven.surefire.junit4.JUnit4Provider.executeTestSet(JUnit4Provider.java:238)
	at org.apache.maven.surefire.junit4.JUnit4Provider.invoke(JUnit4Provider.java:161)
	at org.apache.maven.surefire.booter.ForkedBooter.invokeProviderInSameClassLoader(ForkedBooter.java:290)
	at org.apache.maven.surefire.booter.ForkedBooter.runSuitesInProcess(ForkedBooter.java:242)
	at org.apache.maven.surefire.booter.ForkedBooter.main(ForkedBooter.java:121)
]]></system-err>
  </testcase>
  <testcase name="getAll_returnsAllInstancesOfAnimal" classname="models.EndangeredAnimalsTest" time="0.047">
    <error message="Error in executeUpdate, ERROR: column &quot;rangerid&quot; of relation &quot;animals&quot; does not exist&#10;  Position: 27" type="org.sql2o.Sql2oException">org.sql2o.Sql2oException: 
Error in executeUpdate, ERROR: column "rangerid" of relation "animals" does not exist
  Position: 27
	at models.EndangeredAnimalsTest.getAll_returnsAllInstancesOfAnimal(EndangeredAnimalsTest.java:55)
Caused by: org.postgresql.util.PSQLException: 
ERROR: column "rangerid" of relation "animals" does not exist
  Position: 27
	at models.EndangeredAnimalsTest.getAll_returnsAllInstancesOfAnimal(EndangeredAnimalsTest.java:55)
</error>
    <system-err><![CDATA[[main] WARN org.sql2o.Connection - Could not roll back transaction. message: {}
org.postgresql.util.PSQLException: Cannot rollback when autoCommit is enabled.
	at org.postgresql.jdbc.PgConnection.rollback(PgConnection.java:796)
	at org.sql2o.Connection.rollback(Connection.java:115)
	at org.sql2o.Connection.onException(Connection.java:56)
	at org.sql2o.Query.executeUpdate(Query.java:526)
	at models.EndangeredAnimals.save(EndangeredAnimals.java:26)
	at models.EndangeredAnimalsTest.getAll_returnsAllInstancesOfAnimal(EndangeredAnimalsTest.java:55)
	at java.base/jdk.internal.reflect.NativeMethodAccessorImpl.invoke0(Native Method)
	at java.base/jdk.internal.reflect.NativeMethodAccessorImpl.invoke(NativeMethodAccessorImpl.java:62)
	at java.base/jdk.internal.reflect.DelegatingMethodAccessorImpl.invoke(DelegatingMethodAccessorImpl.java:43)
	at java.base/java.lang.reflect.Method.invoke(Method.java:566)
	at org.junit.runners.model.FrameworkMethod$1.runReflectiveCall(FrameworkMethod.java:50)
	at org.junit.internal.runners.model.ReflectiveCallable.run(ReflectiveCallable.java:12)
	at org.junit.runners.model.FrameworkMethod.invokeExplosively(FrameworkMethod.java:47)
	at org.junit.internal.runners.statements.InvokeMethod.evaluate(InvokeMethod.java:17)
	at org.junit.rules.ExternalResource$1.evaluate(ExternalResource.java:48)
	at org.junit.rules.RunRules.evaluate(RunRules.java:20)
	at org.junit.runners.ParentRunner.runLeaf(ParentRunner.java:325)
	at org.junit.runners.BlockJUnit4ClassRunner.runChild(BlockJUnit4ClassRunner.java:78)
	at org.junit.runners.BlockJUnit4ClassRunner.runChild(BlockJUnit4ClassRunner.java:57)
	at org.junit.runners.ParentRunner$3.run(ParentRunner.java:290)
	at org.junit.runners.ParentRunner$1.schedule(ParentRunner.java:71)
	at org.junit.runners.ParentRunner.runChildren(ParentRunner.java:288)
	at org.junit.runners.ParentRunner.access$000(ParentRunner.java:58)
	at org.junit.runners.ParentRunner$2.evaluate(ParentRunner.java:268)
	at org.junit.runners.ParentRunner.run(ParentRunner.java:363)
	at org.apache.maven.surefire.junit4.JUnit4Provider.execute(JUnit4Provider.java:367)
	at org.apache.maven.surefire.junit4.JUnit4Provider.executeWithRerun(JUnit4Provider.java:274)
	at org.apache.maven.surefire.junit4.JUnit4Provider.executeTestSet(JUnit4Provider.java:238)
	at org.apache.maven.surefire.junit4.JUnit4Provider.invoke(JUnit4Provider.java:161)
	at org.apache.maven.surefire.booter.ForkedBooter.invokeProviderInSameClassLoader(ForkedBooter.java:290)
	at org.apache.maven.surefire.booter.ForkedBooter.runSuitesInProcess(ForkedBooter.java:242)
	at org.apache.maven.surefire.booter.ForkedBooter.main(ForkedBooter.java:121)
]]></system-err>
  </testcase>
  <testcase name="save_assignsIdToAnimal" classname="models.EndangeredAnimalsTest" time="0.064">
    <error message="Error in executeUpdate, ERROR: column &quot;rangerid&quot; of relation &quot;animals&quot; does not exist&#10;  Position: 27" type="org.sql2o.Sql2oException">org.sql2o.Sql2oException: 
Error in executeUpdate, ERROR: column "rangerid" of relation "animals" does not exist
  Position: 27
	at models.EndangeredAnimalsTest.save_assignsIdToAnimal(EndangeredAnimalsTest.java:47)
Caused by: org.postgresql.util.PSQLException: 
ERROR: column "rangerid" of relation "animals" does not exist
  Position: 27
	at models.EndangeredAnimalsTest.save_assignsIdToAnimal(EndangeredAnimalsTest.java:47)
</error>
    <system-err><![CDATA[[main] WARN org.sql2o.Connection - Could not roll back transaction. message: {}
org.postgresql.util.PSQLException: Cannot rollback when autoCommit is enabled.
	at org.postgresql.jdbc.PgConnection.rollback(PgConnection.java:796)
	at org.sql2o.Connection.rollback(Connection.java:115)
	at org.sql2o.Connection.onException(Connection.java:56)
	at org.sql2o.Query.executeUpdate(Query.java:526)
	at models.EndangeredAnimals.save(EndangeredAnimals.java:26)
	at models.EndangeredAnimalsTest.save_assignsIdToAnimal(EndangeredAnimalsTest.java:47)
	at java.base/jdk.internal.reflect.NativeMethodAccessorImpl.invoke0(Native Method)
	at java.base/jdk.internal.reflect.NativeMethodAccessorImpl.invoke(NativeMethodAccessorImpl.java:62)
	at java.base/jdk.internal.reflect.DelegatingMethodAccessorImpl.invoke(DelegatingMethodAccessorImpl.java:43)
	at java.base/java.lang.reflect.Method.invoke(Method.java:566)
	at org.junit.runners.model.FrameworkMethod$1.runReflectiveCall(FrameworkMethod.java:50)
	at org.junit.internal.runners.model.ReflectiveCallable.run(ReflectiveCallable.java:12)
	at org.junit.runners.model.FrameworkMethod.invokeExplosively(FrameworkMethod.java:47)
	at org.junit.internal.runners.statements.InvokeMethod.evaluate(InvokeMethod.java:17)
	at org.junit.rules.ExternalResource$1.evaluate(ExternalResource.java:48)
	at org.junit.rules.RunRules.evaluate(RunRules.java:20)
	at org.junit.runners.ParentRunner.runLeaf(ParentRunner.java:325)
	at org.junit.runners.BlockJUnit4ClassRunner.runChild(BlockJUnit4ClassRunner.java:78)
	at org.junit.runners.BlockJUnit4ClassRunner.runChild(BlockJUnit4ClassRunner.java:57)
	at org.junit.runners.ParentRunner$3.run(ParentRunner.java:290)
	at org.junit.runners.ParentRunner$1.schedule(ParentRunner.java:71)
	at org.junit.runners.ParentRunner.runChildren(ParentRunner.java:288)
	at org.junit.runners.ParentRunner.access$000(ParentRunner.java:58)
	at org.junit.runners.ParentRunner$2.evaluate(ParentRunner.java:268)
	at org.junit.runners.ParentRunner.run(ParentRunner.java:363)
	at org.apache.maven.surefire.junit4.JUnit4Provider.execute(JUnit4Provider.java:367)
	at org.apache.maven.surefire.junit4.JUnit4Provider.executeWithRerun(JUnit4Provider.java:274)
	at org.apache.maven.surefire.junit4.JUnit4Provider.executeTestSet(JUnit4Provider.java:238)
	at org.apache.maven.surefire.junit4.JUnit4Provider.invoke(JUnit4Provider.java:161)
	at org.apache.maven.surefire.booter.ForkedBooter.invokeProviderInSameClassLoader(ForkedBooter.java:290)
	at org.apache.maven.surefire.booter.ForkedBooter.runSuitesInProcess(ForkedBooter.java:242)
	at org.apache.maven.surefire.booter.ForkedBooter.main(ForkedBooter.java:121)
]]></system-err>
  </testcase>
  <testcase name="endangered_instantiatesWithName_String" classname="models.EndangeredAnimalsTest" time="0"/>
  <testcase name="find_returnsAnimalWithSameId_secondAnimal" classname="models.EndangeredAnimalsTest" time="0.02">
    <error message="Error in executeUpdate, ERROR: column &quot;rangerid&quot; of relation &quot;animals&quot; does not exist&#10;  Position: 27" type="org.sql2o.Sql2oException">org.sql2o.Sql2oException: 
Error in executeUpdate, ERROR: column "rangerid" of relation "animals" does not exist
  Position: 27
	at models.EndangeredAnimalsTest.find_returnsAnimalWithSameId_secondAnimal(EndangeredAnimalsTest.java:65)
Caused by: org.postgresql.util.PSQLException: 
ERROR: column "rangerid" of relation "animals" does not exist
  Position: 27
	at models.EndangeredAnimalsTest.find_returnsAnimalWithSameId_secondAnimal(EndangeredAnimalsTest.java:65)
</error>
    <system-err><![CDATA[[main] WARN org.sql2o.Connection - Could not roll back transaction. message: {}
org.postgresql.util.PSQLException: Cannot rollback when autoCommit is enabled.
	at org.postgresql.jdbc.PgConnection.rollback(PgConnection.java:796)
	at org.sql2o.Connection.rollback(Connection.java:115)
	at org.sql2o.Connection.onException(Connection.java:56)
	at org.sql2o.Query.executeUpdate(Query.java:526)
	at models.EndangeredAnimals.save(EndangeredAnimals.java:26)
	at models.EndangeredAnimalsTest.find_returnsAnimalWithSameId_secondAnimal(EndangeredAnimalsTest.java:65)
	at java.base/jdk.internal.reflect.NativeMethodAccessorImpl.invoke0(Native Method)
	at java.base/jdk.internal.reflect.NativeMethodAccessorImpl.invoke(NativeMethodAccessorImpl.java:62)
	at java.base/jdk.internal.reflect.DelegatingMethodAccessorImpl.invoke(DelegatingMethodAccessorImpl.java:43)
	at java.base/java.lang.reflect.Method.invoke(Method.java:566)
	at org.junit.runners.model.FrameworkMethod$1.runReflectiveCall(FrameworkMethod.java:50)
	at org.junit.internal.runners.model.ReflectiveCallable.run(ReflectiveCallable.java:12)
	at org.junit.runners.model.FrameworkMethod.invokeExplosively(FrameworkMethod.java:47)
	at org.junit.internal.runners.statements.InvokeMethod.evaluate(InvokeMethod.java:17)
	at org.junit.rules.ExternalResource$1.evaluate(ExternalResource.java:48)
	at org.junit.rules.RunRules.evaluate(RunRules.java:20)
	at org.junit.runners.ParentRunner.runLeaf(ParentRunner.java:325)
	at org.junit.runners.BlockJUnit4ClassRunner.runChild(BlockJUnit4ClassRunner.java:78)
	at org.junit.runners.BlockJUnit4ClassRunner.runChild(BlockJUnit4ClassRunner.java:57)
	at org.junit.runners.ParentRunner$3.run(ParentRunner.java:290)
	at org.junit.runners.ParentRunner$1.schedule(ParentRunner.java:71)
	at org.junit.runners.ParentRunner.runChildren(ParentRunner.java:288)
	at org.junit.runners.ParentRunner.access$000(ParentRunner.java:58)
	at org.junit.runners.ParentRunner$2.evaluate(ParentRunner.java:268)
	at org.junit.runners.ParentRunner.run(ParentRunner.java:363)
	at org.apache.maven.surefire.junit4.JUnit4Provider.execute(JUnit4Provider.java:367)
	at org.apache.maven.surefire.junit4.JUnit4Provider.executeWithRerun(JUnit4Provider.java:274)
	at org.apache.maven.surefire.junit4.JUnit4Provider.executeTestSet(JUnit4Provider.java:238)
	at org.apache.maven.surefire.junit4.JUnit4Provider.invoke(JUnit4Provider.java:161)
	at org.apache.maven.surefire.booter.ForkedBooter.invokeProviderInSameClassLoader(ForkedBooter.java:290)
	at org.apache.maven.surefire.booter.ForkedBooter.runSuitesInProcess(ForkedBooter.java:242)
	at org.apache.maven.surefire.booter.ForkedBooter.main(ForkedBooter.java:121)
]]></system-err>
  </testcase>
  <testcase name="equals_returnsTrueIfNameAndRangerIdAreSame_true" classname="models.EndangeredAnimalsTest" time="0"/>
  <testcase name="endangered_instantiatesWithRangerId_int" classname="models.EndangeredAnimalsTest" time="0"/>
</testsuite>